<?xml version="1.0" encoding="UTF-8"?>
<!-- Generated by org.testng.reporters.JUnitXMLReporter -->
<testsuite hostname="LAPTOP-CGVS7QCC" ignored="0" name="HubSpot Regression Test cases" tests="12" failures="0" timestamp="12 Nov 2018 17:40:59 GMT" time="174.275" errors="0">
  <testcase name="verifyHomePageTitleTest" time="8.049" classname="com.qa.hubspot.tests.HomePageTest"/>
  <testcase name="verifyLoginPageTitle" time="0.014" classname="com.qa.hubspot.tests.LoginTest"/>
  <testcase name="verifyHomePageHeaderTest" time="9.245" classname="com.qa.hubspot.tests.HomePageTest"/>
  <testcase name="verifyForgetPassword" time="0.06" classname="com.qa.hubspot.tests.LoginTest"/>
  <testcase name="verifyAccountNameTest" time="9.963" classname="com.qa.hubspot.tests.HomePageTest"/>
  <testcase name="verifyShowPassword" time="0.057" classname="com.qa.hubspot.tests.LoginTest"/>
  <testcase name="verifySignUpTest" time="0.057" classname="com.qa.hubspot.tests.LoginTest"/>
  <testcase name="verifySignInWithGoogleTest" time="0.058" classname="com.qa.hubspot.tests.LoginTest"/>
  <testcase name="verifyLoginSSOTest" time="0.051" classname="com.qa.hubspot.tests.LoginTest"/>
  <testcase name="verifyRightstextTest" time="0.055" classname="com.qa.hubspot.tests.LoginTest"/>
  <testcase name="verifyPrivacyPolicyTest" time="0.066" classname="com.qa.hubspot.tests.LoginTest"/>
  <testcase name="loginTest" time="0.843" classname="com.qa.hubspot.tests.LoginTest"/>
</testsuite> <!-- HubSpot Regression Test cases -->
