<?xml version="1.0" encoding="UTF-8"?>
<!-- Generated by org.testng.reporters.JUnitXMLReporter -->
<testsuite hostname="LAPTOP-CGVS7QCC" ignored="0" name="ubSpot Test Automation Suite on chrome" tests="2" failures="0" timestamp="21 Nov 2018 01:34:09 GMT" time="94.305" errors="0">
  <testcase name="createContactTest" time="6.294" classname="com.qa.hubspot.tests.ContactsPageTest"/>
  <testcase name="createContactTest" time="7.545" classname="com.qa.hubspot.tests.ContactsPageTest"/>
</testsuite> <!-- ubSpot Test Automation Suite on chrome -->
